#
# There is insufficient memory for the Java Runtime Environment to continue.
# Native memory allocation (mmap) failed to map 262144000 bytes. Error detail: G1 virtual space
# Possible reasons:
#   The system is out of physical RAM or swap space
#   This process is running with CompressedOops enabled, and the Java Heap may be blocking the growth of the native heap
# Possible solutions:
#   Reduce memory load on the system
#   Increase physical memory or swap space
#   Check if swap backing store is full
#   Decrease Java heap size (-Xmx/-Xms)
#   Decrease number of Java threads
#   Decrease Java thread stack sizes (-Xss)
#   Set larger code cache with -XX:ReservedCodeCacheSize=
#   JVM is running with Zero Based Compressed Oops mode in which the Java heap is
#     placed in the first 32GB address space. The Java Heap base address is the
#     maximum limit for the native heap growth. Please use -XX:HeapBaseMinAddress
#     to set the Java Heap base and to place the Java Heap above 32GB virtual address.
# This output file may be truncated or incomplete.
#
#  Out of Memory Error (os_windows.cpp:3714), pid=17036, tid=7704
#
# JRE version:  (21.0.10+7) (build )
# Java VM: OpenJDK 64-Bit Server VM (21.0.10+7-LTS, mixed mode, sharing, tiered, compressed oops, compressed class ptrs, g1 gc, windows-amd64)
# No core dump will be written. Minidumps are not enabled by default on client versions of Windows
#

---------------  S U M M A R Y ------------

Command Line: -javaagent:C:\Users\Hp\AppData\Local\Programs\IntelliJ IDEA Community Edition 2025.2.6.1\lib\idea_rt.jar=55680 -Dfile.encoding=UTF-8 -Dsun.stdout.encoding=UTF-8 -Dsun.stderr.encoding=UTF-8 --module-path=C:\Users\Hp\.m2\repository\org\openjfx\javafx-graphics\21.0.6\javafx-graphics-21.0.6-win.jar;C:\Users\Hp\.m2\repository\org\openjfx\javafx-base\21.0.6\javafx-base-21.0.6-win.jar;C:\Users\Hp\IdeaProjects\nid_reg\target\classes;C:\Users\Hp\.m2\repository\org\openjfx\javafx-controls\21.0.6\javafx-controls-21.0.6-win.jar;C:\Users\Hp\.m2\repository\org\openjfx\javafx-fxml\21.0.6\javafx-fxml-21.0.6-win.jar -Djdk.module.main=com.example.nid_registration_full_app com.example.nid_registration_full_app/com.example.nid_registration_full_app.HelloApplication

Host: Intel(R) Core(TM) i5-8365U CPU @ 1.60GHz, 8 cores, 15G,  Windows 11 , 64 bit Build 26100 (10.0.26100.7920)
Time: Thu Apr  9 13:33:22 2026 Bangladesh Standard Time elapsed time: 0.068808 seconds (0d 0h 0m 0s)

---------------  T H R E A D  ---------------

Current thread (0x00000239d34d4360):  JavaThread "Unknown thread" [_thread_in_vm, id=7704, stack(0x000000c6bad00000,0x000000c6bae00000) (1024K)]

Stack: [0x000000c6bad00000,0x000000c6bae00000]
Native frames: (J=compiled Java code, j=interpreted, Vv=VM code, C=native code)
V  [jvm.dll+0x6d7a39]
V  [jvm.dll+0x8b4b26]
V  [jvm.dll+0x8b70de]
V  [jvm.dll+0x8b77c3]
V  [jvm.dll+0x284346]
V  [jvm.dll+0x6d4355]
V  [jvm.dll+0x6c808a]
V  [jvm.dll+0x35edb8]
V  [jvm.dll+0x3669f6]
V  [jvm.dll+0x3b7afe]
V  [jvm.dll+0x3b7da8]
V  [jvm.dll+0x332fbc]
V  [jvm.dll+0x333b0b]
V  [jvm.dll+0x87eadb]
V  [jvm.dll+0x3c4a81]
V  [jvm.dll+0x867d25]
V  [jvm.dll+0x457b31]
V  [jvm.dll+0x459721]
C  [jli.dll+0x52d0]
C  [ucrtbase.dll+0x37b0]
C  [KERNEL32.DLL+0x2e8d7]
C  [ntdll.dll+0x8c48c]


---------------  P R O C E S S  ---------------

Threads class SMR info:
_java_thread_list=0x00007ff89f95a1c8, length=0, elements={
}

Java Threads: ( => current thread )
Total: 0

Other Threads:
  0x00000239d5920b20 WorkerThread "GC Thread#0"                     [id=8448, stack(0x000000c6bae00000,0x000000c6baf00000) (1024K)]
  0x00000239d59312b0 ConcurrentGCThread "G1 Main Marker"            [id=29608, stack(0x000000c6baf00000,0x000000c6bb000000) (1024K)]
  0x00000239d5933a00 WorkerThread "G1 Conc#0"                       [id=14000, stack(0x000000c6bb000000,0x000000c6bb100000) (1024K)]

[error occurred during error reporting (printing all threads), id 0xc0000005, EXCEPTION_ACCESS_VIOLATION (0xc0000005) at pc=0x00007ff89f0556a7]
VM state: not at safepoint (not fully initialized)

VM Mutex/Monitor currently owned by a thread:  ([mutex/lock_event])
[0x00007ff89f9ce660] Heap_lock - owner thread: 0x00000239d34d4360

Heap address: 0x0000000706600000, size: 3994 MB, Compressed Oops mode: Zero based, Oop shift amount: 3

CDS archive(s) mapped at: [0x0000000000000000-0x0000000000000000-0x0000000000000000), size 0, SharedBaseAddress: 0x0000000800000000, ArchiveRelocationMode: 1.
Narrow klass base: 0x0000000000000000, Narrow klass shift: 0, Narrow klass range: 0x0

GC Precious Log:
 CardTable entry size: 512
 Card Set container configuration: InlinePtr #cards 4 size 8 Array Of Cards #cards 16 size 48 Howl #buckets 8 coarsen threshold 3686 Howl Bitmap #cards 512 size 80 coarsen threshold 460 Card regions per heap region 1 cards per card region 4096

Heap:
 garbage-first heap   total 0K, used 0K [0x0000000706600000, 0x0000000800000000)
  region size 2048K, 0 young (0K), 0 survivors (0K)

[error occurred during error reporting (printing heap information), id 0xc0000005, EXCEPTION_ACCESS_VIOLATION (0xc0000005) at pc=0x00007ff89f4413b9]
GC Heap History (0 events):
No events

Dll operation events (1 events):
Event: 0.018 Loaded shared library C:\Program Files\Eclipse Adoptium\jdk-21.0.10.7-hotspot\bin\java.dll

Deoptimization events (0 events):
No events

Classes loaded (0 events):
No events

Classes unloaded (0 events):
No events

Classes redefined (0 events):
No events

Internal exceptions (0 events):
No events

ZGC Phase Switch (0 events):
No events

VM Operations (0 events):
No events

Memory protections (0 events):
No events

Nmethod flushes (0 events):
No events

Events (0 events):
No events


Dynamic libraries:
0x00007ff786700000 - 0x00007ff78670e000 	C:\Program Files\Eclipse Adoptium\jdk-21.0.10.7-hotspot\bin\java.exe
0x00007ff99d440000 - 0x00007ff99d6a7000 	C:\WINDOWS\SYSTEM32\ntdll.dll
0x00007ff99c630000 - 0x00007ff99c6f9000 	C:\WINDOWS\System32\KERNEL32.DLL
0x00007ff99a220000 - 0x00007ff99a611000 	C:\WINDOWS\System32\KERNELBASE.dll
0x00007ff99a620000 - 0x00007ff99a76b000 	C:\WINDOWS\System32\ucrtbase.dll
0x00007ff95e6b0000 - 0x00007ff95e6ce000 	C:\Program Files\Eclipse Adoptium\jdk-21.0.10.7-hotspot\bin\VCRUNTIME140.dll
0x00007ff95e6d0000 - 0x00007ff95e6e8000 	C:\Program Files\Eclipse Adoptium\jdk-21.0.10.7-hotspot\bin\jli.dll
0x00007ff99bbd0000 - 0x00007ff99bd95000 	C:\WINDOWS\System32\USER32.dll
0x00007ff97f560000 - 0x00007ff97f7f3000 	C:\WINDOWS\WinSxS\amd64_microsoft.windows.common-controls_6595b64144ccf1df_6.0.26100.8037_none_3e092faae333b53b\COMCTL32.dll
0x00007ff999f00000 - 0x00007ff999f27000 	C:\WINDOWS\System32\win32u.dll
0x00007ff99b3b0000 - 0x00007ff99b459000 	C:\WINDOWS\System32\msvcrt.dll
0x00007ff99cf40000 - 0x00007ff99cf6b000 	C:\WINDOWS\System32\GDI32.dll
0x00007ff999dd0000 - 0x00007ff999efb000 	C:\WINDOWS\System32\gdi32full.dll
0x00007ff999d20000 - 0x00007ff999dc3000 	C:\WINDOWS\System32\msvcp_win.dll
0x00007ff99b4f0000 - 0x00007ff99b521000 	C:\WINDOWS\System32\IMM32.DLL
0x00007ff9626e0000 - 0x00007ff9626ec000 	C:\Program Files\Eclipse Adoptium\jdk-21.0.10.7-hotspot\bin\vcruntime140_1.dll
0x00007ff922700000 - 0x00007ff92278d000 	C:\Program Files\Eclipse Adoptium\jdk-21.0.10.7-hotspot\bin\msvcp140.dll
0x00007ff89ed10000 - 0x00007ff89fab1000 	C:\Program Files\Eclipse Adoptium\jdk-21.0.10.7-hotspot\bin\server\jvm.dll
0x00007ff99c570000 - 0x00007ff99c62b000 	C:\WINDOWS\System32\ADVAPI32.dll
0x00007ff99b300000 - 0x00007ff99b3a7000 	C:\WINDOWS\System32\sechost.dll
0x00007ff99d100000 - 0x00007ff99d218000 	C:\WINDOWS\System32\RPCRT4.dll
0x00007ff99b470000 - 0x00007ff99b4e4000 	C:\WINDOWS\System32\WS2_32.dll
0x00007ff999b80000 - 0x00007ff999bde000 	C:\WINDOWS\SYSTEM32\POWRPROF.dll
0x00007ff991b70000 - 0x00007ff991b7b000 	C:\WINDOWS\SYSTEM32\VERSION.dll
0x00007ff982ec0000 - 0x00007ff982ef5000 	C:\WINDOWS\SYSTEM32\WINMM.dll
0x00007ff999b60000 - 0x00007ff999b74000 	C:\WINDOWS\SYSTEM32\UMPDC.dll
0x00007ff998ab0000 - 0x00007ff998acb000 	C:\WINDOWS\SYSTEM32\kernel.appcore.dll
0x00007ff962600000 - 0x00007ff96260a000 	C:\Program Files\Eclipse Adoptium\jdk-21.0.10.7-hotspot\bin\jimage.dll
0x00007ff997bd0000 - 0x00007ff997e12000 	C:\WINDOWS\SYSTEM32\DBGHELP.DLL
0x00007ff99c1e0000 - 0x00007ff99c562000 	C:\WINDOWS\System32\combase.dll
0x00007ff99bda0000 - 0x00007ff99be77000 	C:\WINDOWS\System32\OLEAUT32.dll
0x00007ff9736b0000 - 0x00007ff9736eb000 	C:\WINDOWS\SYSTEM32\dbgcore.DLL
0x00007ff99a170000 - 0x00007ff99a215000 	C:\WINDOWS\System32\bcryptPrimitives.dll
0x00007ff994e50000 - 0x00007ff994e5f000 	C:\Program Files\Eclipse Adoptium\jdk-21.0.10.7-hotspot\bin\instrument.dll
0x00007ff95cb20000 - 0x00007ff95cb40000 	C:\Program Files\Eclipse Adoptium\jdk-21.0.10.7-hotspot\bin\java.dll

JVMTI agents:
C:\Users\Hp\AppData\Local\Programs\IntelliJ IDEA Community Edition 2025.2.6.1\lib\idea_rt.jar path:none, loaded, not initialized, instrumentlib options:55680

dbghelp: loaded successfully - version: 4.0.5 - missing functions: none
symbol engine: initialized successfully - sym options: 0x614 - pdb path: .;C:\Program Files\Eclipse Adoptium\jdk-21.0.10.7-hotspot\bin;C:\WINDOWS\SYSTEM32;C:\WINDOWS\WinSxS\amd64_microsoft.windows.common-controls_6595b64144ccf1df_6.0.26100.8037_none_3e092faae333b53b;C:\Program Files\Eclipse Adoptium\jdk-21.0.10.7-hotspot\bin\server

VM Arguments:
jvm_args: -javaagent:C:\Users\Hp\AppData\Local\Programs\IntelliJ IDEA Community Edition 2025.2.6.1\lib\idea_rt.jar=55680 -Dfile.encoding=UTF-8 -Dsun.stdout.encoding=UTF-8 -Dsun.stderr.encoding=UTF-8 --module-path=C:\Users\Hp\.m2\repository\org\openjfx\javafx-graphics\21.0.6\javafx-graphics-21.0.6-win.jar;C:\Users\Hp\.m2\repository\org\openjfx\javafx-base\21.0.6\javafx-base-21.0.6-win.jar;C:\Users\Hp\IdeaProjects\nid_reg\target\classes;C:\Users\Hp\.m2\repository\org\openjfx\javafx-controls\21.0.6\javafx-controls-21.0.6-win.jar;C:\Users\Hp\.m2\repository\org\openjfx\javafx-fxml\21.0.6\javafx-fxml-21.0.6-win.jar -Djdk.module.main=com.example.nid_registration_full_app 
java_command: com.example.nid_registration_full_app/com.example.nid_registration_full_app.HelloApplication
java_class_path (initial): C:\Users\Hp\.m2\repository\org\openjfx\javafx-controls\21.0.6\javafx-controls-21.0.6.jar;C:\Users\Hp\.m2\repository\org\openjfx\javafx-graphics\21.0.6\javafx-graphics-21.0.6.jar;C:\Users\Hp\.m2\repository\org\openjfx\javafx-base\21.0.6\javafx-base-21.0.6.jar;C:\Users\Hp\.m2\repository\org\openjfx\javafx-fxml\21.0.6\javafx-fxml-21.0.6.jar
Launcher Type: SUN_STANDARD

[Global flags]
     intx CICompilerCount                          = 4                                         {product} {ergonomic}
     uint ConcGCThreads                            = 2                                         {product} {ergonomic}
     uint G1ConcRefinementThreads                  = 8                                         {product} {ergonomic}
   size_t G1HeapRegionSize                         = 2097152                                   {product} {ergonomic}
    uintx GCDrainStackTargetSize                   = 64                                        {product} {ergonomic}
   size_t InitialHeapSize                          = 262144000                                 {product} {ergonomic}
   size_t MarkStackSize                            = 4194304                                   {product} {ergonomic}
   size_t MaxHeapSize                              = 4188012544                                {product} {ergonomic}
   size_t MinHeapDeltaBytes                        = 2097152                                   {product} {ergonomic}
   size_t MinHeapSize                              = 8388608                                   {product} {ergonomic}
    uintx NonNMethodCodeHeapSize                   = 5839372                                {pd product} {ergonomic}
    uintx NonProfiledCodeHeapSize                  = 122909434                              {pd product} {ergonomic}
    uintx ProfiledCodeHeapSize                     = 122909434                              {pd product} {ergonomic}
    uintx ReservedCodeCacheSize                    = 251658240                              {pd product} {ergonomic}
     bool SegmentedCodeCache                       = true                                      {product} {ergonomic}
   size_t SoftMaxHeapSize                          = 4188012544                             {manageable} {ergonomic}
     bool UseCompressedOops                        = true                           {product lp64_product} {ergonomic}
     bool UseG1GC                                  = true                                      {product} {ergonomic}
     bool UseLargePagesIndividualAllocation        = false                                  {pd product} {ergonomic}

Logging:
Log output configuration:
 #0: stdout all=warning uptime,level,tags foldmultilines=false
 #1: stderr all=off uptime,level,tags foldmultilines=false

Release file:
<release file has not been read>
Environment Variables:
PATH=C:\Program Files\Eclipse Adoptium\jdk-21.0.10.7-hotspot\bin;C:\WINDOWS\system32;C:\WINDOWS;C:\WINDOWS\System32\Wbem;C:\WINDOWS\System32\WindowsPowerShell\v1.0\;C:\WINDOWS\System32\OpenSSH\;C:\Program Files\dotnet\;C:\Program Files\Git\cmd;C:\Users\Hp\AppData\Local\Programs\Python\Launcher\;C:\Users\Hp\AppData\Local\Microsoft\WindowsApps;;D:\PyCharm Community Edition 2024.1.4\bin;;C:\Program Files\JetBrains\PyCharm 2024.1.4\bin;
USERNAME=Hp
OS=Windows_NT
PROCESSOR_IDENTIFIER=Intel64 Family 6 Model 142 Stepping 12, GenuineIntel
TMP=C:\Users\Hp\AppData\Local\Temp
TEMP=C:\Users\Hp\AppData\Local\Temp




Periodic native trim disabled

---------------  S Y S T E M  ---------------

OS:
 Windows 11 , 64 bit Build 26100 (10.0.26100.7920)
OS uptime: 2 days 17:51 hours

CPU: total 8 (initial active 8) (4 cores per cpu, 2 threads per core) family 6 model 142 stepping 12 microcode 0xf8, cx8, cmov, fxsr, ht, mmx, 3dnowpref, sse, sse2, sse3, ssse3, sse4.1, sse4.2, popcnt, lzcnt, tsc, tscinvbit, avx, avx2, aes, erms, clmul, bmi1, bmi2, adx, fma, vzeroupper, clflush, clflushopt, rdtscp, f16c
Processor Information for processor 0
  Max Mhz: 1896, Current Mhz: 1596, Mhz Limit: 1592
Processor Information for processor 1
  Max Mhz: 1896, Current Mhz: 1596, Mhz Limit: 1592
Processor Information for processor 2
  Max Mhz: 1896, Current Mhz: 1596, Mhz Limit: 1592
Processor Information for processor 3
  Max Mhz: 1896, Current Mhz: 1496, Mhz Limit: 1592
Processor Information for processor 4
  Max Mhz: 1896, Current Mhz: 1596, Mhz Limit: 1592
Processor Information for processor 5
  Max Mhz: 1896, Current Mhz: 1496, Mhz Limit: 1592
Processor Information for processor 6
  Max Mhz: 1896, Current Mhz: 1596, Mhz Limit: 1592
Processor Information for processor 7
  Max Mhz: 1896, Current Mhz: 1496, Mhz Limit: 1592

Memory: 4k page, system-wide physical 15974M (2761M free)
TotalPageFile size 31124M (AvailPageFile size 146M)
current process WorkingSet (physical memory assigned to process): 12M, peak: 12M
current process commit charge ("private bytes"): 60M, peak: 310M

vm_info: OpenJDK 64-Bit Server VM (21.0.10+7-LTS) for windows-amd64 JRE (21.0.10+7-LTS), built on 2026-01-20T00:00:00Z by "admin" with MS VC++ 17.12 (VS2022)

END.
